2019-03-14 19:13:03,408 [INFO] from play.api.db.DefaultDBApi in play-dev-mode-akka.actor.default-dispatcher-5 - Database [default] initialized at jdbc:h2:file:./data/productsDB
2019-03-14 19:13:03,414 [INFO] from application in play-dev-mode-akka.actor.default-dispatcher-5 - Creating Pool for datasource 'default'
2019-03-14 19:13:04,674 [INFO] from application in play-dev-mode-akka.actor.default-dispatcher-5 - ApplicationTimer demo: Starting application at 2019-03-14T19:13:04.673Z
2019-03-14 19:13:04,974 [WARN] from org.hibernate.validator.messageinterpolation.ParameterMessageInterpolator in play-dev-mode-akka.actor.default-dispatcher-5 - HV000184: ParameterMessageInterpolator has been chosen, EL interpolation will not be supported
2019-03-14 19:13:05,168 [INFO] from play.api.http.EnabledFilters in play-dev-mode-akka.actor.default-dispatcher-5 - Enabled Filters (see <https://www.playframework.com/documentation/latest/Filters>):

    play.filters.csrf.CSRFFilter
    play.filters.headers.SecurityHeadersFilter
    play.filters.hosts.AllowedHostsFilter
    filters.ExampleFilter

2019-03-14 19:13:05,174 [INFO] from play.api.Play in play-dev-mode-akka.actor.default-dispatcher-5 - Application started (Dev)
2019-03-14 19:16:25,469 [ERROR] from application in application-akka.actor.default-dispatcher-16 - 

! @7b7o8mn0f - Internal server error, for (GET) [/loginSubmit?csrfToken=1f881e4c452fddbc413b4fbb2519b1bb1839bb6a-1552590980891-548654e166a705a25c4166f4&email=admin%40ofm.com&password=password] ->
 
play.api.http.HttpErrorHandlerExceptions$$anon$1: Execution exception[[CompletionException: java.lang.RuntimeException: java.lang.reflect.InvocationTargetException]]
	at play.api.http.HttpErrorHandlerExceptions$.throwableToUsefulException(HttpErrorHandler.scala:251)
	at play.api.http.DefaultHttpErrorHandler.onServerError(HttpErrorHandler.scala:178)
	at play.core.server.AkkaHttpServer$$anonfun$1.applyOrElse(AkkaHttpServer.scala:382)
	at play.core.server.AkkaHttpServer$$anonfun$1.applyOrElse(AkkaHttpServer.scala:380)
	at scala.concurrent.Future.$anonfun$recoverWith$1(Future.scala:417)
	at scala.concurrent.impl.Promise.$anonfun$transformWith$1(Promise.scala:41)
	at scala.concurrent.impl.CallbackRunnable.run(Promise.scala:64)
	at akka.dispatch.BatchingExecutor$AbstractBatch.processBatch(BatchingExecutor.scala:55)
	at akka.dispatch.BatchingExecutor$BlockableBatch.$anonfun$run$1(BatchingExecutor.scala:91)
	at scala.runtime.java8.JFunction0$mcV$sp.apply(JFunction0$mcV$sp.java:23)
	at scala.concurrent.BlockContext$.withBlockContext(BlockContext.scala:85)
	at akka.dispatch.BatchingExecutor$BlockableBatch.run(BatchingExecutor.scala:91)
	at akka.dispatch.TaskInvocation.run(AbstractDispatcher.scala:40)
	at akka.dispatch.ForkJoinExecutorConfigurator$AkkaForkJoinTask.exec(ForkJoinExecutorConfigurator.scala:44)
	at akka.dispatch.forkjoin.ForkJoinTask.doExec(ForkJoinTask.java:260)
	at akka.dispatch.forkjoin.ForkJoinPool$WorkQueue.runTask(ForkJoinPool.java:1339)
	at akka.dispatch.forkjoin.ForkJoinPool.runWorker(ForkJoinPool.java:1979)
	at akka.dispatch.forkjoin.ForkJoinWorkerThread.run(ForkJoinWorkerThread.java:107)
Caused by: java.util.concurrent.CompletionException: java.lang.RuntimeException: java.lang.reflect.InvocationTargetException
	at java.util.concurrent.CompletableFuture.encodeThrowable(CompletableFuture.java:292)
	at java.util.concurrent.CompletableFuture.completeThrowable(CompletableFuture.java:308)
	at java.util.concurrent.CompletableFuture.uniApply(CompletableFuture.java:593)
	at java.util.concurrent.CompletableFuture$UniApply.tryFire(CompletableFuture.java:577)
	at java.util.concurrent.CompletableFuture.uniApplyStage(CompletableFuture.java:617)
	at java.util.concurrent.CompletableFuture.thenApplyAsync(CompletableFuture.java:1993)
	at java.util.concurrent.CompletableFuture.thenApplyAsync(CompletableFuture.java:110)
	at play.libs.streams.Accumulator$StrictAccumulator.lambda$map$0(Accumulator.java:362)
	at java.util.function.Function.lambda$andThen$1(Function.java:88)
	at java.util.function.Function.lambda$andThen$1(Function.java:88)
	at play.libs.streams.Accumulator$StrictAccumulator$1.apply(Accumulator.java:403)
	at play.libs.streams.Accumulator$StrictAccumulator$1.apply(Accumulator.java:400)
	at scala.Function1.$anonfun$andThen$1(Function1.scala:57)
	at play.api.libs.streams.StrictAccumulator.run(Accumulator.scala:207)
	at play.core.server.AkkaHttpServer.$anonfun$runAction$4(AkkaHttpServer.scala:376)
	at akka.http.scaladsl.util.FastFuture$.strictTransform$1(FastFuture.scala:41)
	at akka.http.scaladsl.util.FastFuture$.$anonfun$transformWith$3(FastFuture.scala:51)
	... 12 common frames omitted
Caused by: java.lang.RuntimeException: java.lang.reflect.InvocationTargetException
	at play.data.Form.callLegacyValidateMethod(Form.java:518)
	at play.data.Form.bind(Form.java:553)
	at play.data.Form.bindFromRequest(Form.java:280)
	at controllers.LoginController.loginSubmit(LoginController.java:32)
	at router.Routes$$anonfun$routes$1.$anonfun$applyOrElse$34(Routes.scala:562)
	at play.core.routing.HandlerInvokerFactory$$anon$6.resultCall(HandlerInvoker.scala:134)
	at play.core.routing.HandlerInvokerFactory$$anon$6.resultCall(HandlerInvoker.scala:133)
	at play.core.routing.HandlerInvokerFactory$JavaActionInvokerFactory$$anon$3$$anon$4$$anon$5.invocation(HandlerInvoker.scala:108)
	at play.core.j.JavaAction$$anon$1.call(JavaAction.scala:88)
	at play.http.DefaultActionCreator$1.call(DefaultActionCreator.java:31)
	at play.core.j.JavaAction.$anonfun$apply$8(JavaAction.scala:138)
	at scala.concurrent.Future$.$anonfun$apply$1(Future.scala:658)
	at scala.util.Success.$anonfun$map$1(Try.scala:255)
	at scala.util.Success.map(Try.scala:213)
	at scala.concurrent.Future.$anonfun$map$1(Future.scala:292)
	at scala.concurrent.impl.Promise.liftedTree1$1(Promise.scala:33)
	at scala.concurrent.impl.Promise.$anonfun$transform$1(Promise.scala:33)
	at scala.concurrent.impl.CallbackRunnable.run(Promise.scala:64)
	at play.core.j.HttpExecutionContext$$anon$2.run(HttpExecutionContext.scala:56)
	at play.api.libs.streams.Execution$trampoline$.execute(Execution.scala:70)
	at play.core.j.HttpExecutionContext.execute(HttpExecutionContext.scala:48)
	at scala.concurrent.impl.CallbackRunnable.executeWithValue(Promise.scala:72)
	at scala.concurrent.impl.Promise$KeptPromise$Kept.onComplete(Promise.scala:372)
	at scala.concurrent.impl.Promise$KeptPromise$Kept.onComplete$(Promise.scala:371)
	at scala.concurrent.impl.Promise$KeptPromise$Successful.onComplete(Promise.scala:379)
	at scala.concurrent.impl.Promise.transform(Promise.scala:33)
	at scala.concurrent.impl.Promise.transform$(Promise.scala:31)
	at scala.concurrent.impl.Promise$KeptPromise$Successful.transform(Promise.scala:379)
	at scala.concurrent.Future.map(Future.scala:292)
	at scala.concurrent.Future.map$(Future.scala:292)
	at scala.concurrent.impl.Promise$KeptPromise$Successful.map(Promise.scala:379)
	at scala.concurrent.Future$.apply(Future.scala:658)
	at play.core.j.JavaAction.apply(JavaAction.scala:138)
	at play.api.mvc.Action.$anonfun$apply$2(Action.scala:96)
	at play.api.libs.streams.StrictAccumulator.$anonfun$mapFuture$4(Accumulator.scala:174)
	at scala.util.Try$.apply(Try.scala:213)
	at play.api.libs.streams.StrictAccumulator.$anonfun$mapFuture$3(Accumulator.scala:174)
	at scala.Function1.$anonfun$andThen$1(Function1.scala:57)
	at scala.Function1.$anonfun$andThen$1(Function1.scala:57)
	at play.api.libs.streams.StrictAccumulator$$anon$1.apply(Accumulator.scala:218)
	at play.api.libs.streams.StrictAccumulator$$anon$1.apply(Accumulator.scala:217)
	... 21 common frames omitted
Caused by: java.lang.reflect.InvocationTargetException: null
	at sun.reflect.NativeMethodAccessorImpl.invoke0(Native Method)
	at sun.reflect.NativeMethodAccessorImpl.invoke(NativeMethodAccessorImpl.java:62)
	at sun.reflect.DelegatingMethodAccessorImpl.invoke(DelegatingMethodAccessorImpl.java:43)
	at java.lang.reflect.Method.invoke(Method.java:498)
	at play.data.Form.callLegacyValidateMethod(Form.java:509)
	... 61 common frames omitted
Caused by: javax.persistence.PersistenceException: Inheritance type for discriminator value [a] was not found?
	at io.ebeaninternal.server.deploy.InheritInfo.readType(InheritInfo.java:228)
	at io.ebeaninternal.server.deploy.InheritInfo.readType(InheritInfo.java:214)
	at io.ebeaninternal.server.query.SqlTreeNodeBean.load(SqlTreeNodeBean.java:232)
	at io.ebeaninternal.server.query.CQuery.readNextBean(CQuery.java:444)
	at io.ebeaninternal.server.query.CQuery.hasNext(CQuery.java:529)
	at io.ebeaninternal.server.query.CQuery.readCollection(CQuery.java:560)
	at io.ebeaninternal.server.query.CQueryEngine.findMany(CQueryEngine.java:359)
	at io.ebeaninternal.server.query.DefaultOrmQueryEngine.findMany(DefaultOrmQueryEngine.java:126)
	at io.ebeaninternal.server.core.OrmQueryRequest.findList(OrmQueryRequest.java:371)
	at io.ebeaninternal.server.core.DefaultServer.findList(DefaultServer.java:1506)
	at io.ebeaninternal.server.core.DefaultServer.findOne(DefaultServer.java:1218)
	at io.ebeaninternal.server.core.DefaultServer.findUnique(DefaultServer.java:1184)
	at io.ebeaninternal.server.querydefn.DefaultOrmQuery.findOne(DefaultOrmQuery.java:1260)
	at io.ebeaninternal.server.querydefn.DefaultOrmQuery.findUnique(DefaultOrmQuery.java:1270)
	at io.ebeaninternal.server.expression.DefaultExpressionList.findUnique(DefaultExpressionList.java:412)
	at models.users.User.authenticate(User.java:47)
	at models.users.Login.validate(Login.java:20)
	... 66 common frames omitted
2019-03-14 19:17:15,260 [INFO] from application in application-akka.actor.default-dispatcher-19 - ApplicationTimer demo: Stopping application at 2019-03-14T19:17:15.260Z after 251s.
2019-03-14 19:17:15,261 [INFO] from application in application-akka.actor.default-dispatcher-19 - Shutting down connection pool.
2019-03-14 19:17:15,515 [INFO] from play.api.db.DefaultDBApi in play-dev-mode-akka.actor.default-dispatcher-8 - Database [default] initialized at jdbc:h2:file:./data/productsDB
2019-03-14 19:17:15,516 [INFO] from application in play-dev-mode-akka.actor.default-dispatcher-8 - Creating Pool for datasource 'default'
2019-03-14 19:17:15,642 [INFO] from application in play-dev-mode-akka.actor.default-dispatcher-8 - ApplicationTimer demo: Starting application at 2019-03-14T19:17:15.642Z
2019-03-14 19:17:15,745 [ERROR] from application in play-dev-mode-akka.actor.default-dispatcher-8 - 

! @7b7o8pj5o - Internal server error, for (GET) [/] ->
 
play.api.db.evolutions.InvalidDatabaseRevision: Database 'default' needs evolution![An SQL script need to be run on your database.]
	at play.api.db.evolutions.ApplicationEvolutions.$anonfun$runEvolutions$1(ApplicationEvolutions.scala:78)
	at play.api.db.evolutions.ApplicationEvolutions.withLock(ApplicationEvolutions.scala:100)
	at play.api.db.evolutions.ApplicationEvolutions.runEvolutions(ApplicationEvolutions.scala:49)
	at play.api.db.evolutions.ApplicationEvolutions.$anonfun$start$1(ApplicationEvolutions.scala:42)
	at play.api.db.evolutions.ApplicationEvolutions.$anonfun$start$1$adapted(ApplicationEvolutions.scala:42)
	at scala.collection.immutable.List.foreach(List.scala:392)
	at play.api.db.evolutions.ApplicationEvolutions.start(ApplicationEvolutions.scala:42)
	at play.api.db.evolutions.ApplicationEvolutions.<init>(ApplicationEvolutions.scala:152)
	at play.api.db.evolutions.ApplicationEvolutionsProvider.get$lzycompute(EvolutionsModule.scala:50)
	at play.api.db.evolutions.ApplicationEvolutionsProvider.get(EvolutionsModule.scala:49)
	at play.api.db.evolutions.ApplicationEvolutionsProvider.get(EvolutionsModule.scala:40)
	at com.google.inject.internal.ProviderInternalFactory.provision(ProviderInternalFactory.java:81)
	at com.google.inject.internal.BoundProviderFactory.provision(BoundProviderFactory.java:72)
	at com.google.inject.internal.ProviderInternalFactory.circularGet(ProviderInternalFactory.java:61)
	at com.google.inject.internal.BoundProviderFactory.get(BoundProviderFactory.java:62)
	at com.google.inject.internal.ProviderToInternalFactoryAdapter$1.call(ProviderToInternalFactoryAdapter.java:46)
	at com.google.inject.internal.InjectorImpl.callInContext(InjectorImpl.java:1092)
	at com.google.inject.internal.ProviderToInternalFactoryAdapter.get(ProviderToInternalFactoryAdapter.java:40)
	at com.google.inject.internal.SingletonScope$1.get(SingletonScope.java:194)
	at com.google.inject.internal.InternalFactoryToProviderAdapter.get(InternalFactoryToProviderAdapter.java:41)
	at com.google.inject.internal.InternalInjectorCreator$1.call(InternalInjectorCreator.java:205)
	at com.google.inject.internal.InternalInjectorCreator$1.call(InternalInjectorCreator.java:199)
	at com.google.inject.internal.InjectorImpl.callInContext(InjectorImpl.java:1085)
	at com.google.inject.internal.InternalInjectorCreator.loadEagerSingletons(InternalInjectorCreator.java:199)
	at com.google.inject.internal.InternalInjectorCreator.injectDynamically(InternalInjectorCreator.java:180)
	at com.google.inject.internal.InternalInjectorCreator.build(InternalInjectorCreator.java:110)
	at com.google.inject.Guice.createInjector(Guice.java:99)
	at com.google.inject.Guice.createInjector(Guice.java:84)
	at play.api.inject.guice.GuiceBuilder.injector(GuiceInjectorBuilder.scala:185)
	at play.api.inject.guice.GuiceApplicationBuilder.build(GuiceApplicationBuilder.scala:137)
	at play.api.inject.guice.GuiceApplicationLoader.load(GuiceApplicationLoader.scala:21)
	at play.core.server.DevServerStart$$anon$1.$anonfun$reload$3(DevServerStart.scala:174)
	at play.utils.Threads$.withContextClassLoader(Threads.scala:21)
	at play.core.server.DevServerStart$$anon$1.reload(DevServerStart.scala:171)
	at play.core.server.DevServerStart$$anon$1.get(DevServerStart.scala:124)
	at play.core.server.AkkaHttpServer.handleRequest(AkkaHttpServer.scala:241)
	at play.core.server.AkkaHttpServer.$anonfun$createServerBinding$1(AkkaHttpServer.scala:138)
	at akka.stream.impl.fusing.MapAsyncUnordered$$anon$31.onPush(Ops.scala:1318)
	at akka.stream.impl.fusing.GraphInterpreter.processPush(GraphInterpreter.scala:519)
	at akka.stream.impl.fusing.GraphInterpreter.processEvent(GraphInterpreter.scala:482)
	at akka.stream.impl.fusing.GraphInterpreter.execute(GraphInterpreter.scala:378)
	at akka.stream.impl.fusing.GraphInterpreterShell.runBatch(ActorGraphInterpreter.scala:588)
	at akka.stream.impl.fusing.GraphInterpreterShell$AsyncInput.execute(ActorGraphInterpreter.scala:472)
	at akka.stream.impl.fusing.GraphInterpreterShell.processEvent(ActorGraphInterpreter.scala:563)
	at akka.stream.impl.fusing.ActorGraphInterpreter.akka$stream$impl$fusing$ActorGraphInterpreter$$processEvent(ActorGraphInterpreter.scala:745)
	at akka.stream.impl.fusing.ActorGraphInterpreter$$anonfun$receive$1.applyOrElse(ActorGraphInterpreter.scala:760)
	at akka.actor.Actor.aroundReceive(Actor.scala:517)
	at akka.actor.Actor.aroundReceive$(Actor.scala:515)
	at akka.stream.impl.fusing.ActorGraphInterpreter.aroundReceive(ActorGraphInterpreter.scala:670)
	at akka.actor.ActorCell.receiveMessage(ActorCell.scala:588)
	at akka.actor.ActorCell.invoke(ActorCell.scala:557)
	at akka.dispatch.Mailbox.processMailbox(Mailbox.scala:258)
	at akka.dispatch.Mailbox.run(Mailbox.scala:225)
	at akka.dispatch.Mailbox.exec(Mailbox.scala:235)
	at akka.dispatch.forkjoin.ForkJoinTask.doExec(ForkJoinTask.java:260)
	at akka.dispatch.forkjoin.ForkJoinPool$WorkQueue.runTask(ForkJoinPool.java:1339)
	at akka.dispatch.forkjoin.ForkJoinPool.runWorker(ForkJoinPool.java:1979)
	at akka.dispatch.forkjoin.ForkJoinWorkerThread.run(ForkJoinWorkerThread.java:107)
2019-03-14 19:17:19,714 [INFO] from application in play-dev-mode-akka.actor.default-dispatcher-10 - ApplicationTimer demo: Stopping application at 2019-03-14T19:17:19.714Z after 4s.
2019-03-14 19:17:19,714 [INFO] from application in play-dev-mode-akka.actor.default-dispatcher-10 - Shutting down connection pool.
2019-03-14 19:17:19,972 [INFO] from play.api.db.DefaultDBApi in play-dev-mode-akka.actor.default-dispatcher-10 - Database [default] initialized at jdbc:h2:file:./data/productsDB
2019-03-14 19:17:19,973 [INFO] from application in play-dev-mode-akka.actor.default-dispatcher-10 - Creating Pool for datasource 'default'
2019-03-14 19:17:20,084 [INFO] from application in play-dev-mode-akka.actor.default-dispatcher-10 - ApplicationTimer demo: Starting application at 2019-03-14T19:17:20.084Z
2019-03-14 19:17:20,116 [WARN] from org.hibernate.validator.messageinterpolation.ParameterMessageInterpolator in play-dev-mode-akka.actor.default-dispatcher-10 - HV000184: ParameterMessageInterpolator has been chosen, EL interpolation will not be supported
2019-03-14 19:17:20,212 [INFO] from play.api.http.EnabledFilters in play-dev-mode-akka.actor.default-dispatcher-10 - Enabled Filters (see <https://www.playframework.com/documentation/latest/Filters>):

    play.filters.csrf.CSRFFilter
    play.filters.headers.SecurityHeadersFilter
    play.filters.hosts.AllowedHostsFilter
    filters.ExampleFilter

2019-03-14 19:17:20,219 [INFO] from play.api.Play in play-dev-mode-akka.actor.default-dispatcher-10 - Application started (Dev)
2019-03-14 19:17:32,307 [ERROR] from application in application-akka.actor.default-dispatcher-4 - 

! @7b7o90hn9 - Internal server error, for (GET) [/loginSubmit?csrfToken=8547130b2218f1d4ec9a8bffacad8bd0eaa6ab64-1552591042076-548654e166a705a25c4166f4&email=jamesadmin%40employees.com&password=password] ->
 
play.api.http.HttpErrorHandlerExceptions$$anon$1: Execution exception[[CompletionException: java.lang.RuntimeException: java.lang.reflect.InvocationTargetException]]
	at play.api.http.HttpErrorHandlerExceptions$.throwableToUsefulException(HttpErrorHandler.scala:251)
	at play.api.http.DefaultHttpErrorHandler.onServerError(HttpErrorHandler.scala:178)
	at play.core.server.AkkaHttpServer$$anonfun$1.applyOrElse(AkkaHttpServer.scala:382)
	at play.core.server.AkkaHttpServer$$anonfun$1.applyOrElse(AkkaHttpServer.scala:380)
	at scala.concurrent.Future.$anonfun$recoverWith$1(Future.scala:417)
	at scala.concurrent.impl.Promise.$anonfun$transformWith$1(Promise.scala:41)
	at scala.concurrent.impl.CallbackRunnable.run(Promise.scala:64)
	at akka.dispatch.BatchingExecutor$AbstractBatch.processBatch(BatchingExecutor.scala:55)
	at akka.dispatch.BatchingExecutor$BlockableBatch.$anonfun$run$1(BatchingExecutor.scala:91)
	at scala.runtime.java8.JFunction0$mcV$sp.apply(JFunction0$mcV$sp.java:23)
	at scala.concurrent.BlockContext$.withBlockContext(BlockContext.scala:85)
	at akka.dispatch.BatchingExecutor$BlockableBatch.run(BatchingExecutor.scala:91)
	at akka.dispatch.TaskInvocation.run(AbstractDispatcher.scala:40)
	at akka.dispatch.ForkJoinExecutorConfigurator$AkkaForkJoinTask.exec(ForkJoinExecutorConfigurator.scala:44)
	at akka.dispatch.forkjoin.ForkJoinTask.doExec(ForkJoinTask.java:260)
	at akka.dispatch.forkjoin.ForkJoinPool$WorkQueue.runTask(ForkJoinPool.java:1339)
	at akka.dispatch.forkjoin.ForkJoinPool.runWorker(ForkJoinPool.java:1979)
	at akka.dispatch.forkjoin.ForkJoinWorkerThread.run(ForkJoinWorkerThread.java:107)
Caused by: java.util.concurrent.CompletionException: java.lang.RuntimeException: java.lang.reflect.InvocationTargetException
	at java.util.concurrent.CompletableFuture.encodeThrowable(CompletableFuture.java:292)
	at java.util.concurrent.CompletableFuture.completeThrowable(CompletableFuture.java:308)
	at java.util.concurrent.CompletableFuture.uniApply(CompletableFuture.java:593)
	at java.util.concurrent.CompletableFuture$UniApply.tryFire(CompletableFuture.java:577)
	at java.util.concurrent.CompletableFuture.uniApplyStage(CompletableFuture.java:617)
	at java.util.concurrent.CompletableFuture.thenApplyAsync(CompletableFuture.java:1993)
	at java.util.concurrent.CompletableFuture.thenApplyAsync(CompletableFuture.java:110)
	at play.libs.streams.Accumulator$StrictAccumulator.lambda$map$0(Accumulator.java:362)
	at java.util.function.Function.lambda$andThen$1(Function.java:88)
	at java.util.function.Function.lambda$andThen$1(Function.java:88)
	at play.libs.streams.Accumulator$StrictAccumulator$1.apply(Accumulator.java:403)
	at play.libs.streams.Accumulator$StrictAccumulator$1.apply(Accumulator.java:400)
	at scala.Function1.$anonfun$andThen$1(Function1.scala:57)
	at play.api.libs.streams.StrictAccumulator.run(Accumulator.scala:207)
	at play.core.server.AkkaHttpServer.$anonfun$runAction$4(AkkaHttpServer.scala:376)
	at akka.http.scaladsl.util.FastFuture$.strictTransform$1(FastFuture.scala:41)
	at akka.http.scaladsl.util.FastFuture$.$anonfun$transformWith$3(FastFuture.scala:51)
	... 12 common frames omitted
Caused by: java.lang.RuntimeException: java.lang.reflect.InvocationTargetException
	at play.data.Form.callLegacyValidateMethod(Form.java:518)
	at play.data.Form.bind(Form.java:553)
	at play.data.Form.bindFromRequest(Form.java:280)
	at controllers.LoginController.loginSubmit(LoginController.java:32)
	at router.Routes$$anonfun$routes$1.$anonfun$applyOrElse$34(Routes.scala:562)
	at play.core.routing.HandlerInvokerFactory$$anon$6.resultCall(HandlerInvoker.scala:134)
	at play.core.routing.HandlerInvokerFactory$$anon$6.resultCall(HandlerInvoker.scala:133)
	at play.core.routing.HandlerInvokerFactory$JavaActionInvokerFactory$$anon$3$$anon$4$$anon$5.invocation(HandlerInvoker.scala:108)
	at play.core.j.JavaAction$$anon$1.call(JavaAction.scala:88)
	at play.http.DefaultActionCreator$1.call(DefaultActionCreator.java:31)
	at play.core.j.JavaAction.$anonfun$apply$8(JavaAction.scala:138)
	at scala.concurrent.Future$.$anonfun$apply$1(Future.scala:658)
	at scala.util.Success.$anonfun$map$1(Try.scala:255)
	at scala.util.Success.map(Try.scala:213)
	at scala.concurrent.Future.$anonfun$map$1(Future.scala:292)
	at scala.concurrent.impl.Promise.liftedTree1$1(Promise.scala:33)
	at scala.concurrent.impl.Promise.$anonfun$transform$1(Promise.scala:33)
	at scala.concurrent.impl.CallbackRunnable.run(Promise.scala:64)
	at play.core.j.HttpExecutionContext$$anon$2.run(HttpExecutionContext.scala:56)
	at play.api.libs.streams.Execution$trampoline$.execute(Execution.scala:70)
	at play.core.j.HttpExecutionContext.execute(HttpExecutionContext.scala:48)
	at scala.concurrent.impl.CallbackRunnable.executeWithValue(Promise.scala:72)
	at scala.concurrent.impl.Promise$KeptPromise$Kept.onComplete(Promise.scala:372)
	at scala.concurrent.impl.Promise$KeptPromise$Kept.onComplete$(Promise.scala:371)
	at scala.concurrent.impl.Promise$KeptPromise$Successful.onComplete(Promise.scala:379)
	at scala.concurrent.impl.Promise.transform(Promise.scala:33)
	at scala.concurrent.impl.Promise.transform$(Promise.scala:31)
	at scala.concurrent.impl.Promise$KeptPromise$Successful.transform(Promise.scala:379)
	at scala.concurrent.Future.map(Future.scala:292)
	at scala.concurrent.Future.map$(Future.scala:292)
	at scala.concurrent.impl.Promise$KeptPromise$Successful.map(Promise.scala:379)
	at scala.concurrent.Future$.apply(Future.scala:658)
	at play.core.j.JavaAction.apply(JavaAction.scala:138)
	at play.api.mvc.Action.$anonfun$apply$2(Action.scala:96)
	at play.api.libs.streams.StrictAccumulator.$anonfun$mapFuture$4(Accumulator.scala:174)
	at scala.util.Try$.apply(Try.scala:213)
	at play.api.libs.streams.StrictAccumulator.$anonfun$mapFuture$3(Accumulator.scala:174)
	at scala.Function1.$anonfun$andThen$1(Function1.scala:57)
	at scala.Function1.$anonfun$andThen$1(Function1.scala:57)
	at play.api.libs.streams.StrictAccumulator$$anon$1.apply(Accumulator.scala:218)
	at play.api.libs.streams.StrictAccumulator$$anon$1.apply(Accumulator.scala:217)
	... 21 common frames omitted
Caused by: java.lang.reflect.InvocationTargetException: null
	at sun.reflect.NativeMethodAccessorImpl.invoke0(Native Method)
	at sun.reflect.NativeMethodAccessorImpl.invoke(NativeMethodAccessorImpl.java:62)
	at sun.reflect.DelegatingMethodAccessorImpl.invoke(DelegatingMethodAccessorImpl.java:43)
	at java.lang.reflect.Method.invoke(Method.java:498)
	at play.data.Form.callLegacyValidateMethod(Form.java:509)
	... 61 common frames omitted
Caused by: javax.persistence.PersistenceException: Inheritance type for discriminator value [a] was not found?
	at io.ebeaninternal.server.deploy.InheritInfo.readType(InheritInfo.java:228)
	at io.ebeaninternal.server.deploy.InheritInfo.readType(InheritInfo.java:214)
	at io.ebeaninternal.server.query.SqlTreeNodeBean.load(SqlTreeNodeBean.java:232)
	at io.ebeaninternal.server.query.CQuery.readNextBean(CQuery.java:444)
	at io.ebeaninternal.server.query.CQuery.hasNext(CQuery.java:529)
	at io.ebeaninternal.server.query.CQuery.readCollection(CQuery.java:560)
	at io.ebeaninternal.server.query.CQueryEngine.findMany(CQueryEngine.java:359)
	at io.ebeaninternal.server.query.DefaultOrmQueryEngine.findMany(DefaultOrmQueryEngine.java:126)
	at io.ebeaninternal.server.core.OrmQueryRequest.findList(OrmQueryRequest.java:371)
	at io.ebeaninternal.server.core.DefaultServer.findList(DefaultServer.java:1506)
	at io.ebeaninternal.server.core.DefaultServer.findOne(DefaultServer.java:1218)
	at io.ebeaninternal.server.core.DefaultServer.findUnique(DefaultServer.java:1184)
	at io.ebeaninternal.server.querydefn.DefaultOrmQuery.findOne(DefaultOrmQuery.java:1260)
	at io.ebeaninternal.server.querydefn.DefaultOrmQuery.findUnique(DefaultOrmQuery.java:1270)
	at io.ebeaninternal.server.expression.DefaultExpressionList.findUnique(DefaultExpressionList.java:412)
	at models.users.User.authenticate(User.java:47)
	at models.users.Login.validate(Login.java:20)
	... 66 common frames omitted
2019-03-14 19:19:26,888 [INFO] from application in application-akka.actor.default-dispatcher-2 - ApplicationTimer demo: Stopping application at 2019-03-14T19:19:26.888Z after 126s.
2019-03-14 19:19:26,888 [INFO] from application in application-akka.actor.default-dispatcher-2 - Shutting down connection pool.
2019-03-14 19:19:27,112 [INFO] from play.api.db.DefaultDBApi in play-dev-mode-akka.actor.default-dispatcher-6 - Database [default] initialized at jdbc:h2:file:./data/productsDB
2019-03-14 19:19:27,113 [INFO] from application in play-dev-mode-akka.actor.default-dispatcher-6 - Creating Pool for datasource 'default'
2019-03-14 19:19:27,211 [INFO] from application in play-dev-mode-akka.actor.default-dispatcher-6 - ApplicationTimer demo: Starting application at 2019-03-14T19:19:27.210Z
2019-03-14 19:19:27,253 [ERROR] from application in play-dev-mode-akka.actor.default-dispatcher-6 - 

! @7b7o975mj - Internal server error, for (GET) [/] ->
 
play.api.db.evolutions.InvalidDatabaseRevision: Database 'default' needs evolution![An SQL script need to be run on your database.]
	at play.api.db.evolutions.ApplicationEvolutions.$anonfun$runEvolutions$1(ApplicationEvolutions.scala:78)
	at play.api.db.evolutions.ApplicationEvolutions.withLock(ApplicationEvolutions.scala:100)
	at play.api.db.evolutions.ApplicationEvolutions.runEvolutions(ApplicationEvolutions.scala:49)
	at play.api.db.evolutions.ApplicationEvolutions.$anonfun$start$1(ApplicationEvolutions.scala:42)
	at play.api.db.evolutions.ApplicationEvolutions.$anonfun$start$1$adapted(ApplicationEvolutions.scala:42)
	at scala.collection.immutable.List.foreach(List.scala:392)
	at play.api.db.evolutions.ApplicationEvolutions.start(ApplicationEvolutions.scala:42)
	at play.api.db.evolutions.ApplicationEvolutions.<init>(ApplicationEvolutions.scala:152)
	at play.api.db.evolutions.ApplicationEvolutionsProvider.get$lzycompute(EvolutionsModule.scala:50)
	at play.api.db.evolutions.ApplicationEvolutionsProvider.get(EvolutionsModule.scala:49)
	at play.api.db.evolutions.ApplicationEvolutionsProvider.get(EvolutionsModule.scala:40)
	at com.google.inject.internal.ProviderInternalFactory.provision(ProviderInternalFactory.java:81)
	at com.google.inject.internal.BoundProviderFactory.provision(BoundProviderFactory.java:72)
	at com.google.inject.internal.ProviderInternalFactory.circularGet(ProviderInternalFactory.java:61)
	at com.google.inject.internal.BoundProviderFactory.get(BoundProviderFactory.java:62)
	at com.google.inject.internal.ProviderToInternalFactoryAdapter$1.call(ProviderToInternalFactoryAdapter.java:46)
	at com.google.inject.internal.InjectorImpl.callInContext(InjectorImpl.java:1092)
	at com.google.inject.internal.ProviderToInternalFactoryAdapter.get(ProviderToInternalFactoryAdapter.java:40)
	at com.google.inject.internal.SingletonScope$1.get(SingletonScope.java:194)
	at com.google.inject.internal.InternalFactoryToProviderAdapter.get(InternalFactoryToProviderAdapter.java:41)
	at com.google.inject.internal.InternalInjectorCreator$1.call(InternalInjectorCreator.java:205)
	at com.google.inject.internal.InternalInjectorCreator$1.call(InternalInjectorCreator.java:199)
	at com.google.inject.internal.InjectorImpl.callInContext(InjectorImpl.java:1085)
	at com.google.inject.internal.InternalInjectorCreator.loadEagerSingletons(InternalInjectorCreator.java:199)
	at com.google.inject.internal.InternalInjectorCreator.injectDynamically(InternalInjectorCreator.java:180)
	at com.google.inject.internal.InternalInjectorCreator.build(InternalInjectorCreator.java:110)
	at com.google.inject.Guice.createInjector(Guice.java:99)
	at com.google.inject.Guice.createInjector(Guice.java:84)
	at play.api.inject.guice.GuiceBuilder.injector(GuiceInjectorBuilder.scala:185)
	at play.api.inject.guice.GuiceApplicationBuilder.build(GuiceApplicationBuilder.scala:137)
	at play.api.inject.guice.GuiceApplicationLoader.load(GuiceApplicationLoader.scala:21)
	at play.core.server.DevServerStart$$anon$1.$anonfun$reload$3(DevServerStart.scala:174)
	at play.utils.Threads$.withContextClassLoader(Threads.scala:21)
	at play.core.server.DevServerStart$$anon$1.reload(DevServerStart.scala:171)
	at play.core.server.DevServerStart$$anon$1.get(DevServerStart.scala:124)
	at play.core.server.AkkaHttpServer.handleRequest(AkkaHttpServer.scala:241)
	at play.core.server.AkkaHttpServer.$anonfun$createServerBinding$1(AkkaHttpServer.scala:138)
	at akka.stream.impl.fusing.MapAsyncUnordered$$anon$31.onPush(Ops.scala:1318)
	at akka.stream.impl.fusing.GraphInterpreter.processPush(GraphInterpreter.scala:519)
	at akka.stream.impl.fusing.GraphInterpreter.processEvent(GraphInterpreter.scala:482)
	at akka.stream.impl.fusing.GraphInterpreter.execute(GraphInterpreter.scala:378)
	at akka.stream.impl.fusing.GraphInterpreterShell.runBatch(ActorGraphInterpreter.scala:588)
	at akka.stream.impl.fusing.GraphInterpreterShell$AsyncInput.execute(ActorGraphInterpreter.scala:472)
	at akka.stream.impl.fusing.GraphInterpreterShell.processEvent(ActorGraphInterpreter.scala:563)
	at akka.stream.impl.fusing.ActorGraphInterpreter.akka$stream$impl$fusing$ActorGraphInterpreter$$processEvent(ActorGraphInterpreter.scala:745)
	at akka.stream.impl.fusing.ActorGraphInterpreter$$anonfun$receive$1.applyOrElse(ActorGraphInterpreter.scala:760)
	at akka.actor.Actor.aroundReceive(Actor.scala:517)
	at akka.actor.Actor.aroundReceive$(Actor.scala:515)
	at akka.stream.impl.fusing.ActorGraphInterpreter.aroundReceive(ActorGraphInterpreter.scala:670)
	at akka.actor.ActorCell.receiveMessage(ActorCell.scala:588)
	at akka.actor.ActorCell.invoke(ActorCell.scala:557)
	at akka.dispatch.Mailbox.processMailbox(Mailbox.scala:258)
	at akka.dispatch.Mailbox.run(Mailbox.scala:225)
	at akka.dispatch.Mailbox.exec(Mailbox.scala:235)
	at akka.dispatch.forkjoin.ForkJoinTask.doExec(ForkJoinTask.java:260)
	at akka.dispatch.forkjoin.ForkJoinPool$WorkQueue.runTask(ForkJoinPool.java:1339)
	at akka.dispatch.forkjoin.ForkJoinPool.runWorker(ForkJoinPool.java:1979)
	at akka.dispatch.forkjoin.ForkJoinWorkerThread.run(ForkJoinWorkerThread.java:107)
2019-03-14 19:19:30,812 [INFO] from application in play-dev-mode-akka.actor.default-dispatcher-15 - ApplicationTimer demo: Stopping application at 2019-03-14T19:19:30.812Z after 3s.
2019-03-14 19:19:30,812 [INFO] from application in play-dev-mode-akka.actor.default-dispatcher-15 - Shutting down connection pool.
2019-03-14 19:19:30,981 [INFO] from play.api.db.DefaultDBApi in play-dev-mode-akka.actor.default-dispatcher-15 - Database [default] initialized at jdbc:h2:file:./data/productsDB
2019-03-14 19:19:30,982 [INFO] from application in play-dev-mode-akka.actor.default-dispatcher-15 - Creating Pool for datasource 'default'
2019-03-14 19:19:31,088 [INFO] from application in play-dev-mode-akka.actor.default-dispatcher-15 - ApplicationTimer demo: Starting application at 2019-03-14T19:19:31.088Z
2019-03-14 19:19:31,121 [ERROR] from play.api.db.evolutions.DefaultEvolutionsApi in play-dev-mode-akka.actor.default-dispatcher-15 - Table "ADDRESS" already exists; SQL statement:
create table address (
id                            bigint auto_increment not null,
street1                       varchar(255),
street2                       varchar(255),
town                          varchar(255),
post_code                     varchar(255),
employee_email                varchar(255),
manager_email                 varchar(255),
constraint uq_address_employee_email unique (employee_email),
constraint uq_address_manager_email unique (manager_email),
constraint pk_address primary key (id)
) [42101-197] [ERROR:42101, SQLSTATE:42S01]
2019-03-14 19:19:31,122 [ERROR] from application in play-dev-mode-akka.actor.default-dispatcher-15 - 

! @7b7o97bh5 - Internal server error, for (GET) [/@evolutions/apply/default?redirect=http%3A%2F%2Flocalhost%3A9000%2F] ->
 
play.api.db.evolutions.InconsistentDatabase: Database 'default' is in an inconsistent state![An evolution has not been applied properly. Please check the problem and resolve it manually before marking it as resolved.]
	at play.api.db.evolutions.DatabaseEvolutions.$anonfun$checkEvolutionsState$3(EvolutionsApi.scala:293)
	at play.api.db.evolutions.DatabaseEvolutions.$anonfun$checkEvolutionsState$3$adapted(EvolutionsApi.scala:278)
	at play.api.db.evolutions.DatabaseEvolutions.executeQuery(EvolutionsApi.scala:325)
	at play.api.db.evolutions.DatabaseEvolutions.checkEvolutionsState(EvolutionsApi.scala:278)
	at play.api.db.evolutions.DatabaseEvolutions.evolve(EvolutionsApi.scala:247)
	at play.api.db.evolutions.DefaultEvolutionsApi.evolve(EvolutionsApi.scala:97)
	at play.api.db.evolutions.EvolutionsWebCommands.handleWebCommand(ApplicationEvolutions.scala:384)
	at play.core.DefaultWebCommands.$anonfun$handleWebCommand$1(WebCommands.scala:40)
	at scala.collection.immutable.Stream.flatMap(Stream.scala:489)
	at play.core.DefaultWebCommands.handleWebCommand(WebCommands.scala:40)
	at play.core.server.DevServerStart$$anon$1.$anonfun$handleWebCommand$1(DevServerStart.scala:134)
	at scala.Option.flatMap(Option.scala:188)
	at play.core.server.DevServerStart$$anon$1.handleWebCommand(DevServerStart.scala:134)
	at play.core.server.AkkaHttpServer$$anon$2.handleWebCommand(AkkaHttpServer.scala:282)
	at play.core.server.Server$.getHandlerFor(Server.scala:115)
	at play.core.server.AkkaHttpServer.getHandler(AkkaHttpServer.scala:285)
	at play.core.server.AkkaHttpServer.handleRequest(AkkaHttpServer.scala:256)
	at play.core.server.AkkaHttpServer.$anonfun$createServerBinding$1(AkkaHttpServer.scala:138)
	at akka.stream.impl.fusing.MapAsyncUnordered$$anon$31.onPush(Ops.scala:1318)
	at akka.stream.impl.fusing.GraphInterpreter.processPush(GraphInterpreter.scala:519)
	at akka.stream.impl.fusing.GraphInterpreter.processEvent(GraphInterpreter.scala:482)
	at akka.stream.impl.fusing.GraphInterpreter.execute(GraphInterpreter.scala:378)
	at akka.stream.impl.fusing.GraphInterpreterShell.runBatch(ActorGraphInterpreter.scala:588)
	at akka.stream.impl.fusing.GraphInterpreterShell$AsyncInput.execute(ActorGraphInterpreter.scala:472)
	at akka.stream.impl.fusing.GraphInterpreterShell.processEvent(ActorGraphInterpreter.scala:563)
	at akka.stream.impl.fusing.ActorGraphInterpreter.akka$stream$impl$fusing$ActorGraphInterpreter$$processEvent(ActorGraphInterpreter.scala:745)
	at akka.stream.impl.fusing.ActorGraphInterpreter$$anonfun$receive$1.applyOrElse(ActorGraphInterpreter.scala:760)
	at akka.actor.Actor.aroundReceive(Actor.scala:517)
	at akka.actor.Actor.aroundReceive$(Actor.scala:515)
	at akka.stream.impl.fusing.ActorGraphInterpreter.aroundReceive(ActorGraphInterpreter.scala:670)
	at akka.actor.ActorCell.receiveMessage(ActorCell.scala:588)
	at akka.actor.ActorCell.invoke(ActorCell.scala:557)
	at akka.dispatch.Mailbox.processMailbox(Mailbox.scala:258)
	at akka.dispatch.Mailbox.run(Mailbox.scala:225)
	at akka.dispatch.Mailbox.exec(Mailbox.scala:235)
	at akka.dispatch.forkjoin.ForkJoinTask.doExec(ForkJoinTask.java:260)
	at akka.dispatch.forkjoin.ForkJoinPool$WorkQueue.runTask(ForkJoinPool.java:1339)
	at akka.dispatch.forkjoin.ForkJoinPool.runWorker(ForkJoinPool.java:1979)
	at akka.dispatch.forkjoin.ForkJoinWorkerThread.run(ForkJoinWorkerThread.java:107)
2019-03-14 19:19:45,575 [INFO] from application in play-dev-mode-akka.actor.default-dispatcher-15 - ApplicationTimer demo: Stopping application at 2019-03-14T19:19:45.574Z after 14s.
2019-03-14 19:19:45,575 [INFO] from application in play-dev-mode-akka.actor.default-dispatcher-15 - Shutting down connection pool.
2019-03-14 19:19:45,725 [INFO] from play.api.db.DefaultDBApi in play-dev-mode-akka.actor.default-dispatcher-15 - Database [default] initialized at jdbc:h2:file:./data/productsDB
2019-03-14 19:19:45,728 [INFO] from application in play-dev-mode-akka.actor.default-dispatcher-15 - Creating Pool for datasource 'default'
2019-03-14 19:19:45,826 [INFO] from application in play-dev-mode-akka.actor.default-dispatcher-15 - ApplicationTimer demo: Starting application at 2019-03-14T19:19:45.826Z
2019-03-14 19:19:45,847 [ERROR] from play.api.db.evolutions.DefaultEvolutionsApi in play-dev-mode-akka.actor.default-dispatcher-15 - Table "ITEM_ON_SALE" not found; SQL statement:
delete from item_on_sale [42102-197] [ERROR:42102, SQLSTATE:42S02]
2019-03-14 19:19:45,850 [ERROR] from application in play-dev-mode-akka.actor.default-dispatcher-15 - 

! @7b7o987be - Internal server error, for (GET) [/@evolutions/apply/default?redirect=http%3A%2F%2Flocalhost%3A9000%2F] ->
 
play.api.db.evolutions.InconsistentDatabase: Database 'default' is in an inconsistent state![An evolution has not been applied properly. Please check the problem and resolve it manually before marking it as resolved.]
	at play.api.db.evolutions.DatabaseEvolutions.$anonfun$checkEvolutionsState$3(EvolutionsApi.scala:293)
	at play.api.db.evolutions.DatabaseEvolutions.$anonfun$checkEvolutionsState$3$adapted(EvolutionsApi.scala:278)
	at play.api.db.evolutions.DatabaseEvolutions.executeQuery(EvolutionsApi.scala:325)
	at play.api.db.evolutions.DatabaseEvolutions.checkEvolutionsState(EvolutionsApi.scala:278)
	at play.api.db.evolutions.DatabaseEvolutions.evolve(EvolutionsApi.scala:247)
	at play.api.db.evolutions.DefaultEvolutionsApi.evolve(EvolutionsApi.scala:97)
	at play.api.db.evolutions.EvolutionsWebCommands.handleWebCommand(ApplicationEvolutions.scala:384)
	at play.core.DefaultWebCommands.$anonfun$handleWebCommand$1(WebCommands.scala:40)
	at scala.collection.immutable.Stream.flatMap(Stream.scala:489)
	at play.core.DefaultWebCommands.handleWebCommand(WebCommands.scala:40)
	at play.core.server.DevServerStart$$anon$1.$anonfun$handleWebCommand$1(DevServerStart.scala:134)
	at scala.Option.flatMap(Option.scala:188)
	at play.core.server.DevServerStart$$anon$1.handleWebCommand(DevServerStart.scala:134)
	at play.core.server.AkkaHttpServer$$anon$2.handleWebCommand(AkkaHttpServer.scala:282)
	at play.core.server.Server$.getHandlerFor(Server.scala:115)
	at play.core.server.AkkaHttpServer.getHandler(AkkaHttpServer.scala:285)
	at play.core.server.AkkaHttpServer.handleRequest(AkkaHttpServer.scala:256)
	at play.core.server.AkkaHttpServer.$anonfun$createServerBinding$1(AkkaHttpServer.scala:138)
	at akka.stream.impl.fusing.MapAsyncUnordered$$anon$31.onPush(Ops.scala:1318)
	at akka.stream.impl.fusing.GraphInterpreter.processPush(GraphInterpreter.scala:519)
	at akka.stream.impl.fusing.GraphInterpreter.processEvent(GraphInterpreter.scala:482)
	at akka.stream.impl.fusing.GraphInterpreter.execute(GraphInterpreter.scala:378)
	at akka.stream.impl.fusing.GraphInterpreterShell.runBatch(ActorGraphInterpreter.scala:588)
	at akka.stream.impl.fusing.GraphInterpreterShell$AsyncInput.execute(ActorGraphInterpreter.scala:472)
	at akka.stream.impl.fusing.GraphInterpreterShell.processEvent(ActorGraphInterpreter.scala:563)
	at akka.stream.impl.fusing.ActorGraphInterpreter.akka$stream$impl$fusing$ActorGraphInterpreter$$processEvent(ActorGraphInterpreter.scala:745)
	at akka.stream.impl.fusing.ActorGraphInterpreter$$anonfun$receive$1.applyOrElse(ActorGraphInterpreter.scala:760)
	at akka.actor.Actor.aroundReceive(Actor.scala:517)
	at akka.actor.Actor.aroundReceive$(Actor.scala:515)
	at akka.stream.impl.fusing.ActorGraphInterpreter.aroundReceive(ActorGraphInterpreter.scala:670)
	at akka.actor.ActorCell.receiveMessage(ActorCell.scala:588)
	at akka.actor.ActorCell.invoke(ActorCell.scala:557)
	at akka.dispatch.Mailbox.processMailbox(Mailbox.scala:258)
	at akka.dispatch.Mailbox.run(Mailbox.scala:225)
	at akka.dispatch.Mailbox.exec(Mailbox.scala:235)
	at akka.dispatch.forkjoin.ForkJoinTask.doExec(ForkJoinTask.java:260)
	at akka.dispatch.forkjoin.ForkJoinPool$WorkQueue.runTask(ForkJoinPool.java:1339)
	at akka.dispatch.forkjoin.ForkJoinPool.runWorker(ForkJoinPool.java:1979)
	at akka.dispatch.forkjoin.ForkJoinWorkerThread.run(ForkJoinWorkerThread.java:107)
2019-03-14 19:19:54,274 [INFO] from application in play-dev-mode-akka.actor.default-dispatcher-15 - ApplicationTimer demo: Stopping application at 2019-03-14T19:19:54.274Z after 9s.
2019-03-14 19:19:54,275 [INFO] from application in play-dev-mode-akka.actor.default-dispatcher-15 - Shutting down connection pool.
2019-03-14 19:19:54,474 [INFO] from play.api.db.DefaultDBApi in play-dev-mode-akka.actor.default-dispatcher-15 - Database [default] initialized at jdbc:h2:file:./data/productsDB
2019-03-14 19:19:54,475 [INFO] from application in play-dev-mode-akka.actor.default-dispatcher-15 - Creating Pool for datasource 'default'
2019-03-14 19:19:54,534 [INFO] from application in play-dev-mode-akka.actor.default-dispatcher-15 - ApplicationTimer demo: Starting application at 2019-03-14T19:19:54.534Z
2019-03-14 19:19:56,514 [INFO] from application in play-dev-mode-akka.actor.default-dispatcher-11 - ApplicationTimer demo: Stopping application at 2019-03-14T19:19:56.514Z after 2s.
2019-03-14 19:19:56,515 [INFO] from application in play-dev-mode-akka.actor.default-dispatcher-11 - Shutting down connection pool.
2019-03-14 19:19:56,676 [INFO] from play.api.db.DefaultDBApi in play-dev-mode-akka.actor.default-dispatcher-11 - Database [default] initialized at jdbc:h2:file:./data/productsDB
2019-03-14 19:19:56,678 [INFO] from application in play-dev-mode-akka.actor.default-dispatcher-11 - Creating Pool for datasource 'default'
2019-03-14 19:19:56,779 [INFO] from application in play-dev-mode-akka.actor.default-dispatcher-11 - ApplicationTimer demo: Starting application at 2019-03-14T19:19:56.778Z
2019-03-14 19:19:56,808 [WARN] from org.hibernate.validator.messageinterpolation.ParameterMessageInterpolator in play-dev-mode-akka.actor.default-dispatcher-11 - HV000184: ParameterMessageInterpolator has been chosen, EL interpolation will not be supported
2019-03-14 19:19:56,936 [INFO] from play.api.http.EnabledFilters in play-dev-mode-akka.actor.default-dispatcher-11 - Enabled Filters (see <https://www.playframework.com/documentation/latest/Filters>):

    play.filters.csrf.CSRFFilter
    play.filters.headers.SecurityHeadersFilter
    play.filters.hosts.AllowedHostsFilter
    filters.ExampleFilter

2019-03-14 19:19:56,939 [INFO] from play.api.Play in play-dev-mode-akka.actor.default-dispatcher-11 - Application started (Dev)
2019-03-14 19:20:18,999 [ERROR] from application in application-akka.actor.default-dispatcher-7 - 

! @7b7o9a4cf - Internal server error, for (GET) [/loginSubmit?csrfToken=192d7b9fb4cf89830559ed9653ff124d6ba450c1-1552591205235-548654e166a705a25c4166f4&email=jamesadmin%40employees.com&password=password] ->
 
play.api.http.HttpErrorHandlerExceptions$$anon$1: Execution exception[[CompletionException: java.lang.RuntimeException: java.lang.reflect.InvocationTargetException]]
	at play.api.http.HttpErrorHandlerExceptions$.throwableToUsefulException(HttpErrorHandler.scala:251)
	at play.api.http.DefaultHttpErrorHandler.onServerError(HttpErrorHandler.scala:178)
	at play.core.server.AkkaHttpServer$$anonfun$1.applyOrElse(AkkaHttpServer.scala:382)
	at play.core.server.AkkaHttpServer$$anonfun$1.applyOrElse(AkkaHttpServer.scala:380)
	at scala.concurrent.Future.$anonfun$recoverWith$1(Future.scala:417)
	at scala.concurrent.impl.Promise.$anonfun$transformWith$1(Promise.scala:41)
	at scala.concurrent.impl.CallbackRunnable.run(Promise.scala:64)
	at akka.dispatch.BatchingExecutor$AbstractBatch.processBatch(BatchingExecutor.scala:55)
	at akka.dispatch.BatchingExecutor$BlockableBatch.$anonfun$run$1(BatchingExecutor.scala:91)
	at scala.runtime.java8.JFunction0$mcV$sp.apply(JFunction0$mcV$sp.java:23)
	at scala.concurrent.BlockContext$.withBlockContext(BlockContext.scala:85)
	at akka.dispatch.BatchingExecutor$BlockableBatch.run(BatchingExecutor.scala:91)
	at akka.dispatch.TaskInvocation.run(AbstractDispatcher.scala:40)
	at akka.dispatch.ForkJoinExecutorConfigurator$AkkaForkJoinTask.exec(ForkJoinExecutorConfigurator.scala:44)
	at akka.dispatch.forkjoin.ForkJoinTask.doExec(ForkJoinTask.java:260)
	at akka.dispatch.forkjoin.ForkJoinPool$WorkQueue.runTask(ForkJoinPool.java:1339)
	at akka.dispatch.forkjoin.ForkJoinPool.runWorker(ForkJoinPool.java:1979)
	at akka.dispatch.forkjoin.ForkJoinWorkerThread.run(ForkJoinWorkerThread.java:107)
Caused by: java.util.concurrent.CompletionException: java.lang.RuntimeException: java.lang.reflect.InvocationTargetException
	at java.util.concurrent.CompletableFuture.encodeThrowable(CompletableFuture.java:292)
	at java.util.concurrent.CompletableFuture.completeThrowable(CompletableFuture.java:308)
	at java.util.concurrent.CompletableFuture.uniApply(CompletableFuture.java:593)
	at java.util.concurrent.CompletableFuture$UniApply.tryFire(CompletableFuture.java:577)
	at java.util.concurrent.CompletableFuture.uniApplyStage(CompletableFuture.java:617)
	at java.util.concurrent.CompletableFuture.thenApplyAsync(CompletableFuture.java:1993)
	at java.util.concurrent.CompletableFuture.thenApplyAsync(CompletableFuture.java:110)
	at play.libs.streams.Accumulator$StrictAccumulator.lambda$map$0(Accumulator.java:362)
	at java.util.function.Function.lambda$andThen$1(Function.java:88)
	at java.util.function.Function.lambda$andThen$1(Function.java:88)
	at play.libs.streams.Accumulator$StrictAccumulator$1.apply(Accumulator.java:403)
	at play.libs.streams.Accumulator$StrictAccumulator$1.apply(Accumulator.java:400)
	at scala.Function1.$anonfun$andThen$1(Function1.scala:57)
	at play.api.libs.streams.StrictAccumulator.run(Accumulator.scala:207)
	at play.core.server.AkkaHttpServer.$anonfun$runAction$4(AkkaHttpServer.scala:376)
	at akka.http.scaladsl.util.FastFuture$.strictTransform$1(FastFuture.scala:41)
	at akka.http.scaladsl.util.FastFuture$.$anonfun$transformWith$3(FastFuture.scala:51)
	... 12 common frames omitted
Caused by: java.lang.RuntimeException: java.lang.reflect.InvocationTargetException
	at play.data.Form.callLegacyValidateMethod(Form.java:518)
	at play.data.Form.bind(Form.java:553)
	at play.data.Form.bindFromRequest(Form.java:280)
	at controllers.LoginController.loginSubmit(LoginController.java:32)
	at router.Routes$$anonfun$routes$1.$anonfun$applyOrElse$34(Routes.scala:562)
	at play.core.routing.HandlerInvokerFactory$$anon$6.resultCall(HandlerInvoker.scala:134)
	at play.core.routing.HandlerInvokerFactory$$anon$6.resultCall(HandlerInvoker.scala:133)
	at play.core.routing.HandlerInvokerFactory$JavaActionInvokerFactory$$anon$3$$anon$4$$anon$5.invocation(HandlerInvoker.scala:108)
	at play.core.j.JavaAction$$anon$1.call(JavaAction.scala:88)
	at play.http.DefaultActionCreator$1.call(DefaultActionCreator.java:31)
	at play.core.j.JavaAction.$anonfun$apply$8(JavaAction.scala:138)
	at scala.concurrent.Future$.$anonfun$apply$1(Future.scala:658)
	at scala.util.Success.$anonfun$map$1(Try.scala:255)
	at scala.util.Success.map(Try.scala:213)
	at scala.concurrent.Future.$anonfun$map$1(Future.scala:292)
	at scala.concurrent.impl.Promise.liftedTree1$1(Promise.scala:33)
	at scala.concurrent.impl.Promise.$anonfun$transform$1(Promise.scala:33)
	at scala.concurrent.impl.CallbackRunnable.run(Promise.scala:64)
	at play.core.j.HttpExecutionContext$$anon$2.run(HttpExecutionContext.scala:56)
	at play.api.libs.streams.Execution$trampoline$.execute(Execution.scala:70)
	at play.core.j.HttpExecutionContext.execute(HttpExecutionContext.scala:48)
	at scala.concurrent.impl.CallbackRunnable.executeWithValue(Promise.scala:72)
	at scala.concurrent.impl.Promise$KeptPromise$Kept.onComplete(Promise.scala:372)
	at scala.concurrent.impl.Promise$KeptPromise$Kept.onComplete$(Promise.scala:371)
	at scala.concurrent.impl.Promise$KeptPromise$Successful.onComplete(Promise.scala:379)
	at scala.concurrent.impl.Promise.transform(Promise.scala:33)
	at scala.concurrent.impl.Promise.transform$(Promise.scala:31)
	at scala.concurrent.impl.Promise$KeptPromise$Successful.transform(Promise.scala:379)
	at scala.concurrent.Future.map(Future.scala:292)
	at scala.concurrent.Future.map$(Future.scala:292)
	at scala.concurrent.impl.Promise$KeptPromise$Successful.map(Promise.scala:379)
	at scala.concurrent.Future$.apply(Future.scala:658)
	at play.core.j.JavaAction.apply(JavaAction.scala:138)
	at play.api.mvc.Action.$anonfun$apply$2(Action.scala:96)
	at play.api.libs.streams.StrictAccumulator.$anonfun$mapFuture$4(Accumulator.scala:174)
	at scala.util.Try$.apply(Try.scala:213)
	at play.api.libs.streams.StrictAccumulator.$anonfun$mapFuture$3(Accumulator.scala:174)
	at scala.Function1.$anonfun$andThen$1(Function1.scala:57)
	at scala.Function1.$anonfun$andThen$1(Function1.scala:57)
	at play.api.libs.streams.StrictAccumulator$$anon$1.apply(Accumulator.scala:218)
	at play.api.libs.streams.StrictAccumulator$$anon$1.apply(Accumulator.scala:217)
	... 21 common frames omitted
Caused by: java.lang.reflect.InvocationTargetException: null
	at sun.reflect.NativeMethodAccessorImpl.invoke0(Native Method)
	at sun.reflect.NativeMethodAccessorImpl.invoke(NativeMethodAccessorImpl.java:62)
	at sun.reflect.DelegatingMethodAccessorImpl.invoke(DelegatingMethodAccessorImpl.java:43)
	at java.lang.reflect.Method.invoke(Method.java:498)
	at play.data.Form.callLegacyValidateMethod(Form.java:509)
	... 61 common frames omitted
Caused by: javax.persistence.PersistenceException: Inheritance type for discriminator value [a] was not found?
	at io.ebeaninternal.server.deploy.InheritInfo.readType(InheritInfo.java:228)
	at io.ebeaninternal.server.deploy.InheritInfo.readType(InheritInfo.java:214)
	at io.ebeaninternal.server.query.SqlTreeNodeBean.load(SqlTreeNodeBean.java:232)
	at io.ebeaninternal.server.query.CQuery.readNextBean(CQuery.java:444)
	at io.ebeaninternal.server.query.CQuery.hasNext(CQuery.java:529)
	at io.ebeaninternal.server.query.CQuery.readCollection(CQuery.java:560)
	at io.ebeaninternal.server.query.CQueryEngine.findMany(CQueryEngine.java:359)
	at io.ebeaninternal.server.query.DefaultOrmQueryEngine.findMany(DefaultOrmQueryEngine.java:126)
	at io.ebeaninternal.server.core.OrmQueryRequest.findList(OrmQueryRequest.java:371)
	at io.ebeaninternal.server.core.DefaultServer.findList(DefaultServer.java:1506)
	at io.ebeaninternal.server.core.DefaultServer.findOne(DefaultServer.java:1218)
	at io.ebeaninternal.server.core.DefaultServer.findUnique(DefaultServer.java:1184)
	at io.ebeaninternal.server.querydefn.DefaultOrmQuery.findOne(DefaultOrmQuery.java:1260)
	at io.ebeaninternal.server.querydefn.DefaultOrmQuery.findUnique(DefaultOrmQuery.java:1270)
	at io.ebeaninternal.server.expression.DefaultExpressionList.findUnique(DefaultExpressionList.java:412)
	at models.users.User.authenticate(User.java:47)
	at models.users.Login.validate(Login.java:20)
	... 66 common frames omitted
2019-03-14 19:21:56,346 [INFO] from application in application-akka.actor.default-dispatcher-8 - ApplicationTimer demo: Stopping application at 2019-03-14T19:21:56.346Z after 120s.
2019-03-14 19:21:56,346 [INFO] from application in application-akka.actor.default-dispatcher-8 - Shutting down connection pool.
2019-03-14 19:21:56,673 [INFO] from play.api.db.DefaultDBApi in play-dev-mode-akka.actor.default-dispatcher-3 - Database [default] initialized at jdbc:h2:file:./data/productsDB
2019-03-14 19:21:56,674 [INFO] from application in play-dev-mode-akka.actor.default-dispatcher-3 - Creating Pool for datasource 'default'
2019-03-14 19:21:56,838 [INFO] from application in play-dev-mode-akka.actor.default-dispatcher-3 - ApplicationTimer demo: Starting application at 2019-03-14T19:21:56.838Z
2019-03-14 19:21:56,882 [ERROR] from application in play-dev-mode-akka.actor.default-dispatcher-3 - 

! @7b7o9fj5g - Internal server error, for (GET) [/loginSubmit?csrfToken=192d7b9fb4cf89830559ed9653ff124d6ba450c1-1552591205235-548654e166a705a25c4166f4&email=jamesadmin%40employees.com&password=password] ->
 
play.api.db.evolutions.InvalidDatabaseRevision: Database 'default' needs evolution![An SQL script need to be run on your database.]
	at play.api.db.evolutions.ApplicationEvolutions.$anonfun$runEvolutions$1(ApplicationEvolutions.scala:78)
	at play.api.db.evolutions.ApplicationEvolutions.withLock(ApplicationEvolutions.scala:100)
	at play.api.db.evolutions.ApplicationEvolutions.runEvolutions(ApplicationEvolutions.scala:49)
	at play.api.db.evolutions.ApplicationEvolutions.$anonfun$start$1(ApplicationEvolutions.scala:42)
	at play.api.db.evolutions.ApplicationEvolutions.$anonfun$start$1$adapted(ApplicationEvolutions.scala:42)
	at scala.collection.immutable.List.foreach(List.scala:392)
	at play.api.db.evolutions.ApplicationEvolutions.start(ApplicationEvolutions.scala:42)
	at play.api.db.evolutions.ApplicationEvolutions.<init>(ApplicationEvolutions.scala:152)
	at play.api.db.evolutions.ApplicationEvolutionsProvider.get$lzycompute(EvolutionsModule.scala:50)
	at play.api.db.evolutions.ApplicationEvolutionsProvider.get(EvolutionsModule.scala:49)
	at play.api.db.evolutions.ApplicationEvolutionsProvider.get(EvolutionsModule.scala:40)
	at com.google.inject.internal.ProviderInternalFactory.provision(ProviderInternalFactory.java:81)
	at com.google.inject.internal.BoundProviderFactory.provision(BoundProviderFactory.java:72)
	at com.google.inject.internal.ProviderInternalFactory.circularGet(ProviderInternalFactory.java:61)
	at com.google.inject.internal.BoundProviderFactory.get(BoundProviderFactory.java:62)
	at com.google.inject.internal.ProviderToInternalFactoryAdapter$1.call(ProviderToInternalFactoryAdapter.java:46)
	at com.google.inject.internal.InjectorImpl.callInContext(InjectorImpl.java:1092)
	at com.google.inject.internal.ProviderToInternalFactoryAdapter.get(ProviderToInternalFactoryAdapter.java:40)
	at com.google.inject.internal.SingletonScope$1.get(SingletonScope.java:194)
	at com.google.inject.internal.InternalFactoryToProviderAdapter.get(InternalFactoryToProviderAdapter.java:41)
	at com.google.inject.internal.InternalInjectorCreator$1.call(InternalInjectorCreator.java:205)
	at com.google.inject.internal.InternalInjectorCreator$1.call(InternalInjectorCreator.java:199)
	at com.google.inject.internal.InjectorImpl.callInContext(InjectorImpl.java:1085)
	at com.google.inject.internal.InternalInjectorCreator.loadEagerSingletons(InternalInjectorCreator.java:199)
	at com.google.inject.internal.InternalInjectorCreator.injectDynamically(InternalInjectorCreator.java:180)
	at com.google.inject.internal.InternalInjectorCreator.build(InternalInjectorCreator.java:110)
	at com.google.inject.Guice.createInjector(Guice.java:99)
	at com.google.inject.Guice.createInjector(Guice.java:84)
	at play.api.inject.guice.GuiceBuilder.injector(GuiceInjectorBuilder.scala:185)
	at play.api.inject.guice.GuiceApplicationBuilder.build(GuiceApplicationBuilder.scala:137)
	at play.api.inject.guice.GuiceApplicationLoader.load(GuiceApplicationLoader.scala:21)
	at play.core.server.DevServerStart$$anon$1.$anonfun$reload$3(DevServerStart.scala:174)
	at play.utils.Threads$.withContextClassLoader(Threads.scala:21)
	at play.core.server.DevServerStart$$anon$1.reload(DevServerStart.scala:171)
	at play.core.server.DevServerStart$$anon$1.get(DevServerStart.scala:124)
	at play.core.server.AkkaHttpServer.handleRequest(AkkaHttpServer.scala:241)
	at play.core.server.AkkaHttpServer.$anonfun$createServerBinding$1(AkkaHttpServer.scala:138)
	at akka.stream.impl.fusing.MapAsyncUnordered$$anon$31.onPush(Ops.scala:1318)
	at akka.stream.impl.fusing.GraphInterpreter.processPush(GraphInterpreter.scala:519)
	at akka.stream.impl.fusing.GraphInterpreter.processEvent(GraphInterpreter.scala:482)
	at akka.stream.impl.fusing.GraphInterpreter.execute(GraphInterpreter.scala:378)
	at akka.stream.impl.fusing.GraphInterpreterShell.runBatch(ActorGraphInterpreter.scala:588)
	at akka.stream.impl.fusing.GraphInterpreterShell$AsyncInput.execute(ActorGraphInterpreter.scala:472)
	at akka.stream.impl.fusing.GraphInterpreterShell.processEvent(ActorGraphInterpreter.scala:563)
	at akka.stream.impl.fusing.ActorGraphInterpreter.akka$stream$impl$fusing$ActorGraphInterpreter$$processEvent(ActorGraphInterpreter.scala:745)
	at akka.stream.impl.fusing.ActorGraphInterpreter$$anonfun$receive$1.applyOrElse(ActorGraphInterpreter.scala:760)
	at akka.actor.Actor.aroundReceive(Actor.scala:517)
	at akka.actor.Actor.aroundReceive$(Actor.scala:515)
	at akka.stream.impl.fusing.ActorGraphInterpreter.aroundReceive(ActorGraphInterpreter.scala:670)
	at akka.actor.ActorCell.receiveMessage(ActorCell.scala:588)
	at akka.actor.ActorCell.invoke(ActorCell.scala:557)
	at akka.dispatch.Mailbox.processMailbox(Mailbox.scala:258)
	at akka.dispatch.Mailbox.run(Mailbox.scala:225)
	at akka.dispatch.Mailbox.exec(Mailbox.scala:235)
	at akka.dispatch.forkjoin.ForkJoinTask.doExec(ForkJoinTask.java:260)
	at akka.dispatch.forkjoin.ForkJoinPool$WorkQueue.runTask(ForkJoinPool.java:1339)
	at akka.dispatch.forkjoin.ForkJoinPool.runWorker(ForkJoinPool.java:1979)
	at akka.dispatch.forkjoin.ForkJoinWorkerThread.run(ForkJoinWorkerThread.java:107)
2019-03-14 19:22:00,403 [INFO] from application in play-dev-mode-akka.actor.default-dispatcher-3 - ApplicationTimer demo: Stopping application at 2019-03-14T19:22:00.403Z after 4s.
2019-03-14 19:22:00,403 [INFO] from application in play-dev-mode-akka.actor.default-dispatcher-3 - Shutting down connection pool.
2019-03-14 19:22:00,524 [INFO] from play.api.db.DefaultDBApi in play-dev-mode-akka.actor.default-dispatcher-3 - Database [default] initialized at jdbc:h2:file:./data/productsDB
2019-03-14 19:22:00,526 [INFO] from application in play-dev-mode-akka.actor.default-dispatcher-3 - Creating Pool for datasource 'default'
2019-03-14 19:22:00,575 [INFO] from application in play-dev-mode-akka.actor.default-dispatcher-3 - ApplicationTimer demo: Starting application at 2019-03-14T19:22:00.574Z
2019-03-14 19:22:00,600 [ERROR] from play.api.db.evolutions.DefaultEvolutionsApi in play-dev-mode-akka.actor.default-dispatcher-3 - Table "ITEM_ON_SALE" not found; SQL statement:
delete from item_on_sale [42102-197] [ERROR:42102, SQLSTATE:42S02]
2019-03-14 19:22:00,601 [ERROR] from application in play-dev-mode-akka.actor.default-dispatcher-3 - 

! @7b7o9foka - Internal server error, for (GET) [/loginSubmit/@evolutions/apply/default?redirect=http%3A%2F%2Flocalhost%3A9000%2FloginSubmit%3FcsrfToken%3D192d7b9fb4cf89830559ed9653ff124d6ba450c1-1552591205235-548654e166a705a25c4166f4%26email%3Djamesadmin%2540employees.com%26password%3Dpassword] ->
 
play.api.db.evolutions.InconsistentDatabase: Database 'default' is in an inconsistent state![An evolution has not been applied properly. Please check the problem and resolve it manually before marking it as resolved.]
	at play.api.db.evolutions.DatabaseEvolutions.$anonfun$checkEvolutionsState$3(EvolutionsApi.scala:293)
	at play.api.db.evolutions.DatabaseEvolutions.$anonfun$checkEvolutionsState$3$adapted(EvolutionsApi.scala:278)
	at play.api.db.evolutions.DatabaseEvolutions.executeQuery(EvolutionsApi.scala:325)
	at play.api.db.evolutions.DatabaseEvolutions.checkEvolutionsState(EvolutionsApi.scala:278)
	at play.api.db.evolutions.DatabaseEvolutions.evolve(EvolutionsApi.scala:247)
	at play.api.db.evolutions.DefaultEvolutionsApi.evolve(EvolutionsApi.scala:97)
	at play.api.db.evolutions.EvolutionsWebCommands.handleWebCommand(ApplicationEvolutions.scala:384)
	at play.core.DefaultWebCommands.$anonfun$handleWebCommand$1(WebCommands.scala:40)
	at scala.collection.immutable.Stream.flatMap(Stream.scala:489)
	at play.core.DefaultWebCommands.handleWebCommand(WebCommands.scala:40)
	at play.core.server.DevServerStart$$anon$1.$anonfun$handleWebCommand$1(DevServerStart.scala:134)
	at scala.Option.flatMap(Option.scala:188)
	at play.core.server.DevServerStart$$anon$1.handleWebCommand(DevServerStart.scala:134)
	at play.core.server.AkkaHttpServer$$anon$2.handleWebCommand(AkkaHttpServer.scala:282)
	at play.core.server.Server$.getHandlerFor(Server.scala:115)
	at play.core.server.AkkaHttpServer.getHandler(AkkaHttpServer.scala:285)
	at play.core.server.AkkaHttpServer.handleRequest(AkkaHttpServer.scala:256)
	at play.core.server.AkkaHttpServer.$anonfun$createServerBinding$1(AkkaHttpServer.scala:138)
	at akka.stream.impl.fusing.MapAsyncUnordered$$anon$31.onPush(Ops.scala:1318)
	at akka.stream.impl.fusing.GraphInterpreter.processPush(GraphInterpreter.scala:519)
	at akka.stream.impl.fusing.GraphInterpreter.processEvent(GraphInterpreter.scala:482)
	at akka.stream.impl.fusing.GraphInterpreter.execute(GraphInterpreter.scala:378)
	at akka.stream.impl.fusing.GraphInterpreterShell.runBatch(ActorGraphInterpreter.scala:588)
	at akka.stream.impl.fusing.GraphInterpreterShell$AsyncInput.execute(ActorGraphInterpreter.scala:472)
	at akka.stream.impl.fusing.GraphInterpreterShell.processEvent(ActorGraphInterpreter.scala:563)
	at akka.stream.impl.fusing.ActorGraphInterpreter.akka$stream$impl$fusing$ActorGraphInterpreter$$processEvent(ActorGraphInterpreter.scala:745)
	at akka.stream.impl.fusing.ActorGraphInterpreter$$anonfun$receive$1.applyOrElse(ActorGraphInterpreter.scala:760)
	at akka.actor.Actor.aroundReceive(Actor.scala:517)
	at akka.actor.Actor.aroundReceive$(Actor.scala:515)
	at akka.stream.impl.fusing.ActorGraphInterpreter.aroundReceive(ActorGraphInterpreter.scala:670)
	at akka.actor.ActorCell.receiveMessage(ActorCell.scala:588)
	at akka.actor.ActorCell.invoke(ActorCell.scala:557)
	at akka.dispatch.Mailbox.processMailbox(Mailbox.scala:258)
	at akka.dispatch.Mailbox.run(Mailbox.scala:225)
	at akka.dispatch.Mailbox.exec(Mailbox.scala:235)
	at akka.dispatch.forkjoin.ForkJoinTask.doExec(ForkJoinTask.java:260)
	at akka.dispatch.forkjoin.ForkJoinPool$WorkQueue.runTask(ForkJoinPool.java:1339)
	at akka.dispatch.forkjoin.ForkJoinPool.runWorker(ForkJoinPool.java:1979)
	at akka.dispatch.forkjoin.ForkJoinWorkerThread.run(ForkJoinWorkerThread.java:107)
2019-03-14 19:22:33,445 [INFO] from application in play-dev-mode-akka.actor.default-dispatcher-16 - ApplicationTimer demo: Stopping application at 2019-03-14T19:22:33.445Z after 33s.
2019-03-14 19:22:33,445 [INFO] from application in play-dev-mode-akka.actor.default-dispatcher-16 - Shutting down connection pool.
2019-03-14 19:22:33,592 [INFO] from play.api.db.DefaultDBApi in play-dev-mode-akka.actor.default-dispatcher-16 - Database [default] initialized at jdbc:h2:file:./data/productsDB
2019-03-14 19:22:33,593 [INFO] from application in play-dev-mode-akka.actor.default-dispatcher-16 - Creating Pool for datasource 'default'
2019-03-14 19:22:33,670 [INFO] from application in play-dev-mode-akka.actor.default-dispatcher-16 - ApplicationTimer demo: Starting application at 2019-03-14T19:22:33.670Z
2019-03-14 19:22:35,739 [INFO] from application in play-dev-mode-akka.actor.default-dispatcher-16 - ApplicationTimer demo: Stopping application at 2019-03-14T19:22:35.738Z after 2s.
2019-03-14 19:22:35,739 [INFO] from application in play-dev-mode-akka.actor.default-dispatcher-16 - Shutting down connection pool.
2019-03-14 19:22:35,903 [INFO] from play.api.db.DefaultDBApi in play-dev-mode-akka.actor.default-dispatcher-16 - Database [default] initialized at jdbc:h2:file:./data/productsDB
2019-03-14 19:22:35,903 [INFO] from application in play-dev-mode-akka.actor.default-dispatcher-16 - Creating Pool for datasource 'default'
2019-03-14 19:22:35,967 [INFO] from application in play-dev-mode-akka.actor.default-dispatcher-16 - ApplicationTimer demo: Starting application at 2019-03-14T19:22:35.967Z
2019-03-14 19:22:35,978 [WARN] from org.hibernate.validator.messageinterpolation.ParameterMessageInterpolator in play-dev-mode-akka.actor.default-dispatcher-16 - HV000184: ParameterMessageInterpolator has been chosen, EL interpolation will not be supported
2019-03-14 19:22:36,055 [INFO] from play.api.http.EnabledFilters in play-dev-mode-akka.actor.default-dispatcher-16 - Enabled Filters (see <https://www.playframework.com/documentation/latest/Filters>):

    play.filters.csrf.CSRFFilter
    play.filters.headers.SecurityHeadersFilter
    play.filters.hosts.AllowedHostsFilter
    filters.ExampleFilter

2019-03-14 19:22:36,055 [INFO] from play.api.Play in play-dev-mode-akka.actor.default-dispatcher-16 - Application started (Dev)
2019-03-14 19:22:36,091 [ERROR] from application in application-akka.actor.default-dispatcher-8 - 

! @7b7o9hp79 - Internal server error, for (GET) [/loginSubmit?csrfToken=192d7b9fb4cf89830559ed9653ff124d6ba450c1-1552591205235-548654e166a705a25c4166f4&email=jamesadmin%40employees.com&password=password] ->
 
play.api.http.HttpErrorHandlerExceptions$$anon$1: Execution exception[[CompletionException: java.lang.RuntimeException: java.lang.reflect.InvocationTargetException]]
	at play.api.http.HttpErrorHandlerExceptions$.throwableToUsefulException(HttpErrorHandler.scala:251)
	at play.api.http.DefaultHttpErrorHandler.onServerError(HttpErrorHandler.scala:178)
	at play.core.server.AkkaHttpServer$$anonfun$1.applyOrElse(AkkaHttpServer.scala:382)
	at play.core.server.AkkaHttpServer$$anonfun$1.applyOrElse(AkkaHttpServer.scala:380)
	at scala.concurrent.Future.$anonfun$recoverWith$1(Future.scala:417)
	at scala.concurrent.impl.Promise.$anonfun$transformWith$1(Promise.scala:41)
	at scala.concurrent.impl.CallbackRunnable.run(Promise.scala:64)
	at akka.dispatch.BatchingExecutor$AbstractBatch.processBatch(BatchingExecutor.scala:55)
	at akka.dispatch.BatchingExecutor$BlockableBatch.$anonfun$run$1(BatchingExecutor.scala:91)
	at scala.runtime.java8.JFunction0$mcV$sp.apply(JFunction0$mcV$sp.java:23)
	at scala.concurrent.BlockContext$.withBlockContext(BlockContext.scala:85)
	at akka.dispatch.BatchingExecutor$BlockableBatch.run(BatchingExecutor.scala:91)
	at akka.dispatch.TaskInvocation.run(AbstractDispatcher.scala:40)
	at akka.dispatch.ForkJoinExecutorConfigurator$AkkaForkJoinTask.exec(ForkJoinExecutorConfigurator.scala:44)
	at akka.dispatch.forkjoin.ForkJoinTask.doExec(ForkJoinTask.java:260)
	at akka.dispatch.forkjoin.ForkJoinPool$WorkQueue.runTask(ForkJoinPool.java:1339)
	at akka.dispatch.forkjoin.ForkJoinPool.runWorker(ForkJoinPool.java:1979)
	at akka.dispatch.forkjoin.ForkJoinWorkerThread.run(ForkJoinWorkerThread.java:107)
Caused by: java.util.concurrent.CompletionException: java.lang.RuntimeException: java.lang.reflect.InvocationTargetException
	at java.util.concurrent.CompletableFuture.encodeThrowable(CompletableFuture.java:292)
	at java.util.concurrent.CompletableFuture.completeThrowable(CompletableFuture.java:308)
	at java.util.concurrent.CompletableFuture.uniApply(CompletableFuture.java:593)
	at java.util.concurrent.CompletableFuture$UniApply.tryFire(CompletableFuture.java:577)
	at java.util.concurrent.CompletableFuture.uniApplyStage(CompletableFuture.java:617)
	at java.util.concurrent.CompletableFuture.thenApplyAsync(CompletableFuture.java:1993)
	at java.util.concurrent.CompletableFuture.thenApplyAsync(CompletableFuture.java:110)
	at play.libs.streams.Accumulator$StrictAccumulator.lambda$map$0(Accumulator.java:362)
	at java.util.function.Function.lambda$andThen$1(Function.java:88)
	at java.util.function.Function.lambda$andThen$1(Function.java:88)
	at play.libs.streams.Accumulator$StrictAccumulator$1.apply(Accumulator.java:403)
	at play.libs.streams.Accumulator$StrictAccumulator$1.apply(Accumulator.java:400)
	at scala.Function1.$anonfun$andThen$1(Function1.scala:57)
	at play.api.libs.streams.StrictAccumulator.run(Accumulator.scala:207)
	at play.core.server.AkkaHttpServer.$anonfun$runAction$4(AkkaHttpServer.scala:376)
	at akka.http.scaladsl.util.FastFuture$.strictTransform$1(FastFuture.scala:41)
	at akka.http.scaladsl.util.FastFuture$.$anonfun$transformWith$3(FastFuture.scala:51)
	... 12 common frames omitted
Caused by: java.lang.RuntimeException: java.lang.reflect.InvocationTargetException
	at play.data.Form.callLegacyValidateMethod(Form.java:518)
	at play.data.Form.bind(Form.java:553)
	at play.data.Form.bindFromRequest(Form.java:280)
	at controllers.LoginController.loginSubmit(LoginController.java:32)
	at router.Routes$$anonfun$routes$1.$anonfun$applyOrElse$34(Routes.scala:562)
	at play.core.routing.HandlerInvokerFactory$$anon$6.resultCall(HandlerInvoker.scala:134)
	at play.core.routing.HandlerInvokerFactory$$anon$6.resultCall(HandlerInvoker.scala:133)
	at play.core.routing.HandlerInvokerFactory$JavaActionInvokerFactory$$anon$3$$anon$4$$anon$5.invocation(HandlerInvoker.scala:108)
	at play.core.j.JavaAction$$anon$1.call(JavaAction.scala:88)
	at play.http.DefaultActionCreator$1.call(DefaultActionCreator.java:31)
	at play.core.j.JavaAction.$anonfun$apply$8(JavaAction.scala:138)
	at scala.concurrent.Future$.$anonfun$apply$1(Future.scala:658)
	at scala.util.Success.$anonfun$map$1(Try.scala:255)
	at scala.util.Success.map(Try.scala:213)
	at scala.concurrent.Future.$anonfun$map$1(Future.scala:292)
	at scala.concurrent.impl.Promise.liftedTree1$1(Promise.scala:33)
	at scala.concurrent.impl.Promise.$anonfun$transform$1(Promise.scala:33)
	at scala.concurrent.impl.CallbackRunnable.run(Promise.scala:64)
	at play.core.j.HttpExecutionContext$$anon$2.run(HttpExecutionContext.scala:56)
	at play.api.libs.streams.Execution$trampoline$.execute(Execution.scala:70)
	at play.core.j.HttpExecutionContext.execute(HttpExecutionContext.scala:48)
	at scala.concurrent.impl.CallbackRunnable.executeWithValue(Promise.scala:72)
	at scala.concurrent.impl.Promise$KeptPromise$Kept.onComplete(Promise.scala:372)
	at scala.concurrent.impl.Promise$KeptPromise$Kept.onComplete$(Promise.scala:371)
	at scala.concurrent.impl.Promise$KeptPromise$Successful.onComplete(Promise.scala:379)
	at scala.concurrent.impl.Promise.transform(Promise.scala:33)
	at scala.concurrent.impl.Promise.transform$(Promise.scala:31)
	at scala.concurrent.impl.Promise$KeptPromise$Successful.transform(Promise.scala:379)
	at scala.concurrent.Future.map(Future.scala:292)
	at scala.concurrent.Future.map$(Future.scala:292)
	at scala.concurrent.impl.Promise$KeptPromise$Successful.map(Promise.scala:379)
	at scala.concurrent.Future$.apply(Future.scala:658)
	at play.core.j.JavaAction.apply(JavaAction.scala:138)
	at play.api.mvc.Action.$anonfun$apply$2(Action.scala:96)
	at play.api.libs.streams.StrictAccumulator.$anonfun$mapFuture$4(Accumulator.scala:174)
	at scala.util.Try$.apply(Try.scala:213)
	at play.api.libs.streams.StrictAccumulator.$anonfun$mapFuture$3(Accumulator.scala:174)
	at scala.Function1.$anonfun$andThen$1(Function1.scala:57)
	at scala.Function1.$anonfun$andThen$1(Function1.scala:57)
	at play.api.libs.streams.StrictAccumulator$$anon$1.apply(Accumulator.scala:218)
	at play.api.libs.streams.StrictAccumulator$$anon$1.apply(Accumulator.scala:217)
	... 21 common frames omitted
Caused by: java.lang.reflect.InvocationTargetException: null
	at sun.reflect.NativeMethodAccessorImpl.invoke0(Native Method)
	at sun.reflect.NativeMethodAccessorImpl.invoke(NativeMethodAccessorImpl.java:62)
	at sun.reflect.DelegatingMethodAccessorImpl.invoke(DelegatingMethodAccessorImpl.java:43)
	at java.lang.reflect.Method.invoke(Method.java:498)
	at play.data.Form.callLegacyValidateMethod(Form.java:509)
	... 61 common frames omitted
Caused by: javax.persistence.PersistenceException: Inheritance type for discriminator value [a] was not found?
	at io.ebeaninternal.server.deploy.InheritInfo.readType(InheritInfo.java:228)
	at io.ebeaninternal.server.deploy.InheritInfo.readType(InheritInfo.java:214)
	at io.ebeaninternal.server.query.SqlTreeNodeBean.load(SqlTreeNodeBean.java:232)
	at io.ebeaninternal.server.query.CQuery.readNextBean(CQuery.java:444)
	at io.ebeaninternal.server.query.CQuery.hasNext(CQuery.java:529)
	at io.ebeaninternal.server.query.CQuery.readCollection(CQuery.java:560)
	at io.ebeaninternal.server.query.CQueryEngine.findMany(CQueryEngine.java:359)
	at io.ebeaninternal.server.query.DefaultOrmQueryEngine.findMany(DefaultOrmQueryEngine.java:126)
	at io.ebeaninternal.server.core.OrmQueryRequest.findList(OrmQueryRequest.java:371)
	at io.ebeaninternal.server.core.DefaultServer.findList(DefaultServer.java:1506)
	at io.ebeaninternal.server.core.DefaultServer.findOne(DefaultServer.java:1218)
	at io.ebeaninternal.server.core.DefaultServer.findUnique(DefaultServer.java:1184)
	at io.ebeaninternal.server.querydefn.DefaultOrmQuery.findOne(DefaultOrmQuery.java:1260)
	at io.ebeaninternal.server.querydefn.DefaultOrmQuery.findUnique(DefaultOrmQuery.java:1270)
	at io.ebeaninternal.server.expression.DefaultExpressionList.findUnique(DefaultExpressionList.java:412)
	at models.users.User.authenticate(User.java:47)
	at models.users.Login.validate(Login.java:20)
	... 66 common frames omitted
2019-03-14 19:25:16,022 [INFO] from play.core.server.AkkaHttpServer in pool-5-thread-2 - Stopping server...
2019-03-14 19:25:16,044 [INFO] from application in application-akka.actor.default-dispatcher-11 - ApplicationTimer demo: Stopping application at 2019-03-14T19:25:16.044Z after 161s.
2019-03-14 19:25:16,044 [INFO] from application in application-akka.actor.default-dispatcher-11 - Shutting down connection pool.
